{"message":"Route found for /Users/(index/)? : controllers\\MainController/index","context":{"context":"Router","part":"getRouteUrlParts","extra":null},"level":200,"level_name":"INFO","channel":"s5dd39fa28c47e","datetime":"2019-11-21T10:34:44.306414+01:00","extra":{}}
{"message":"No route found for /Admin/Logs/","context":{"context":"Router","part":"getRoute","extra":null},"level":300,"level_name":"WARNING","channel":"s5dd39fa28c47e","datetime":"2019-11-21T10:34:48.131112+01:00","extra":{}}
{"message":"No route found for /Admin/Logs/","context":{"context":"Router","part":"getRoute","extra":null},"level":300,"level_name":"WARNING","channel":"s5dd39fa28c47e","datetime":"2019-11-21T10:35:23.447759+01:00","extra":{}}
{"message":"No route found for /Admin/Models/","context":{"context":"Router","part":"getRoute","extra":null},"level":300,"level_name":"WARNING","channel":"s5dd39fa28c47e","datetime":"2019-11-21T10:35:36.557405+01:00","extra":{}}
{"message":"SELECT COUNT(*) FROM `groupe`","context":{"context":"Database","part":"prepareAndFetchColumn","extra":null},"level":200,"level_name":"INFO","channel":"s5dd39fa28c47e","datetime":"2019-11-21T10:35:36.693872+01:00","extra":{}}
{"message":"SELECT COUNT(*) FROM `organization`","context":{"context":"Database","part":"prepareAndFetchColumn","extra":null},"level":200,"level_name":"INFO","channel":"s5dd39fa28c47e","datetime":"2019-11-21T10:35:36.695645+01:00","extra":{}}
{"message":"SELECT COUNT(*) FROM `organizationsettings`","context":{"context":"Database","part":"prepareAndFetchColumn","extra":null},"level":200,"level_name":"INFO","channel":"s5dd39fa28c47e","datetime":"2019-11-21T10:35:36.696399+01:00","extra":{}}
{"message":"SELECT COUNT(*) FROM `settings`","context":{"context":"Database","part":"prepareAndFetchColumn","extra":null},"level":200,"level_name":"INFO","channel":"s5dd39fa28c47e","datetime":"2019-11-21T10:35:36.697119+01:00","extra":{}}
{"message":"SELECT COUNT(*) FROM `user`","context":{"context":"Database","part":"prepareAndFetchColumn","extra":null},"level":200,"level_name":"INFO","channel":"s5dd39fa28c47e","datetime":"2019-11-21T10:35:36.697956+01:00","extra":{}}
{"message":"No route found for /Admin/Controllers/","context":{"context":"Router","part":"getRoute","extra":null},"level":300,"level_name":"WARNING","channel":"s5dd39fa28c47e","datetime":"2019-11-21T10:36:10.047908+01:00","extra":{}}
{"message":"No route found for /Admin/frmFilterControllers/","context":{"context":"Router","part":"getRoute","extra":null},"level":300,"level_name":"WARNING","channel":"s5dd39fa28c47e","datetime":"2019-11-21T10:36:13.925895+01:00","extra":{}}
{"message":"No route found for /Admin/filterControllers/","context":{"context":"Router","part":"getRoute","extra":null},"level":300,"level_name":"WARNING","channel":"s5dd39fa28c47e","datetime":"2019-11-21T10:36:25.743338+01:00","extra":{}}
{"message":"No route found for /Admin/_runAction/","context":{"context":"Router","part":"getRoute","extra":null},"level":300,"level_name":"WARNING","channel":"s5dd39fa28c47e","datetime":"2019-11-21T10:36:32.939907+01:00","extra":{}}
{"message":"No route found for /OrgaController/index/","context":{"context":"Router","part":"getRoute","extra":null},"level":300,"level_name":"WARNING","channel":"s5dd39fa28c47e","datetime":"2019-11-21T10:36:33.070805+01:00","extra":{}}
{"message":"No route found for /Admin/_runAction/","context":{"context":"Router","part":"getRoute","extra":null},"level":300,"level_name":"WARNING","channel":"s5dd39fa28c47e","datetime":"2019-11-21T10:36:38.847706+01:00","extra":{}}
{"message":"No route found for /MainController/index/","context":{"context":"Router","part":"getRoute","extra":null},"level":300,"level_name":"WARNING","channel":"s5dd39fa28c47e","datetime":"2019-11-21T10:36:38.983181+01:00","extra":{}}
{"message":"No route found for /Admin/Controllers/","context":{"context":"Router","part":"getRoute","extra":null},"level":300,"level_name":"WARNING","channel":"s5dd39fa28c47e","datetime":"2019-11-21T10:36:45.270072+01:00","extra":{}}
{"message":"Route found for /Users/(index/)? : controllers\\MainController/index","context":{"context":"Router","part":"getRouteUrlParts","extra":null},"level":200,"level_name":"INFO","channel":"s5dd39fa28c47e","datetime":"2019-11-21T10:38:18.152551+01:00","extra":{}}
{"message":"No route found for /Orgs/","context":{"context":"Router","part":"getRoute","extra":null},"level":300,"level_name":"WARNING","channel":"s5dd39fa28c47e","datetime":"2019-11-21T10:38:23.519802+01:00","extra":{}}
{"message":"Route found for /orgas/(index/)? : controllers\\OrgaController/index","context":{"context":"Router","part":"getRouteUrlParts","extra":null},"level":200,"level_name":"INFO","channel":"s5dd39fa28c47e","datetime":"2019-11-21T10:38:31.540846+01:00","extra":{}}
{"message":"Route found for /orgas/(index/)? : controllers\\OrgaController/index","context":{"context":"Router","part":"getRouteUrlParts","extra":null},"level":200,"level_name":"INFO","channel":"s5dd39fa28c47e","datetime":"2019-11-21T10:38:48.311906+01:00","extra":{}}
{"message":"No route found for /Admin/Routes/","context":{"context":"Router","part":"getRoute","extra":null},"level":300,"level_name":"WARNING","channel":"s5dd39fa28c47e","datetime":"2019-11-21T10:45:44.868225+01:00","extra":{}}
{"message":"No route found for /Admin/initCacheRouter/","context":{"context":"Router","part":"getRoute","extra":null},"level":300,"level_name":"WARNING","channel":"s5dd39fa28c47e","datetime":"2019-11-21T10:45:47.161278+01:00","extra":{}}
{"message":"No route found for /Admin/initCacheRouter/","context":{"context":"Router","part":"getRoute","extra":null},"level":300,"level_name":"WARNING","channel":"s5dd39fa28c47e","datetime":"2019-11-21T10:45:48.866751+01:00","extra":{}}
{"message":"No route found for /Admin/Controllers/","context":{"context":"Router","part":"getRoute","extra":null},"level":300,"level_name":"WARNING","channel":"s5dd39fa28c47e","datetime":"2019-11-21T10:45:54.763228+01:00","extra":{}}
{"message":"No route found for /Admin/_runAction/","context":{"context":"Router","part":"getRoute","extra":null},"level":300,"level_name":"WARNING","channel":"s5dd39fa28c47e","datetime":"2019-11-21T10:45:59.312564+01:00","extra":{}}
{"message":"No route found for /Admin/_runAction/frmGetParams/","context":{"context":"Router","part":"getRoute","extra":null},"level":300,"level_name":"WARNING","channel":"s5dd39fa28c47e","datetime":"2019-11-21T10:46:04.441628+01:00","extra":{}}
{"message":"No route found for /MainController/connect/Thomas/","context":{"context":"Router","part":"getRoute","extra":null},"level":300,"level_name":"WARNING","channel":"s5dd39fa28c47e","datetime":"2019-11-21T10:46:04.581975+01:00","extra":{}}
{"message":"No route found for /Admin/_runAction/","context":{"context":"Router","part":"getRoute","extra":null},"level":300,"level_name":"WARNING","channel":"s5dd39fa28c47e","datetime":"2019-11-21T10:46:09.307842+01:00","extra":{}}
{"message":"No route found for /Admin/_runAction/frmGetParams/","context":{"context":"Router","part":"getRoute","extra":null},"level":300,"level_name":"WARNING","channel":"s5dd39fa28c47e","datetime":"2019-11-21T10:46:13.992171+01:00","extra":{}}
{"message":"No route found for /MainController/deconnect/Thomas/","context":{"context":"Router","part":"getRoute","extra":null},"level":300,"level_name":"WARNING","channel":"s5dd39fa28c47e","datetime":"2019-11-21T10:46:14.128764+01:00","extra":{}}
{"message":"No route found for /Admin/_runAction/","context":{"context":"Router","part":"getRoute","extra":null},"level":300,"level_name":"WARNING","channel":"s5dd39fa28c47e","datetime":"2019-11-21T10:46:17.694171+01:00","extra":{}}
{"message":"No route found for /Admin/_runAction/frmGetParams/","context":{"context":"Router","part":"getRoute","extra":null},"level":300,"level_name":"WARNING","channel":"s5dd39fa28c47e","datetime":"2019-11-21T10:46:20.022539+01:00","extra":{}}
{"message":"No route found for /MainController/deconnect/Thomas/","context":{"context":"Router","part":"getRoute","extra":null},"level":300,"level_name":"WARNING","channel":"s5dd39fa28c47e","datetime":"2019-11-21T10:46:20.159160+01:00","extra":{}}
{"message":"No route found for /Admin/_runAction/","context":{"context":"Router","part":"getRoute","extra":null},"level":300,"level_name":"WARNING","channel":"s5dd39fa28c47e","datetime":"2019-11-21T10:48:18.809017+01:00","extra":{}}
{"message":"No route found for /Admin/_runAction/frmGetParams/","context":{"context":"Router","part":"getRoute","extra":null},"level":300,"level_name":"WARNING","channel":"s5dd39fa28c47e","datetime":"2019-11-21T10:48:20.708598+01:00","extra":{}}
{"message":"No route found for /MainController/deconnect/Thomas/","context":{"context":"Router","part":"getRoute","extra":null},"level":300,"level_name":"WARNING","channel":"s5dd39fa28c47e","datetime":"2019-11-21T10:48:20.842236+01:00","extra":{}}
{"message":"No route found for /Admin/_runAction/","context":{"context":"Router","part":"getRoute","extra":null},"level":300,"level_name":"WARNING","channel":"s5dd39fa28c47e","datetime":"2019-11-21T10:48:24.040774+01:00","extra":{}}
{"message":"No route found for /Admin/_runAction/frmGetParams/","context":{"context":"Router","part":"getRoute","extra":null},"level":300,"level_name":"WARNING","channel":"s5dd39fa28c47e","datetime":"2019-11-21T10:48:26.326346+01:00","extra":{}}
{"message":"No route found for /MainController/connect/Thomas/","context":{"context":"Router","part":"getRoute","extra":null},"level":300,"level_name":"WARNING","channel":"s5dd39fa28c47e","datetime":"2019-11-21T10:48:26.462633+01:00","extra":{}}
{"message":"No route found for /Admin/_runAction/","context":{"context":"Router","part":"getRoute","extra":null},"level":300,"level_name":"WARNING","channel":"s5dd39fa28c47e","datetime":"2019-11-21T10:48:29.983905+01:00","extra":{}}
{"message":"No route found for /Admin/_runAction/frmGetParams/","context":{"context":"Router","part":"getRoute","extra":null},"level":300,"level_name":"WARNING","channel":"s5dd39fa28c47e","datetime":"2019-11-21T10:48:31.832073+01:00","extra":{}}
{"message":"No route found for /MainController/deconnect/Thomas/","context":{"context":"Router","part":"getRoute","extra":null},"level":300,"level_name":"WARNING","channel":"s5dd39fa28c47e","datetime":"2019-11-21T10:48:31.969582+01:00","extra":{}}
{"message":"No route found for /Admin/_runAction/","context":{"context":"Router","part":"getRoute","extra":null},"level":300,"level_name":"WARNING","channel":"s5dd39fa28c47e","datetime":"2019-11-21T10:48:51.718216+01:00","extra":{}}
{"message":"No route found for /Admin/_runAction/frmGetParams/","context":{"context":"Router","part":"getRoute","extra":null},"level":300,"level_name":"WARNING","channel":"s5dd39fa28c47e","datetime":"2019-11-21T10:48:53.703725+01:00","extra":{}}
{"message":"No route found for /MainController/connect/Thomas/","context":{"context":"Router","part":"getRoute","extra":null},"level":300,"level_name":"WARNING","channel":"s5dd39fa28c47e","datetime":"2019-11-21T10:48:53.841735+01:00","extra":{}}
{"message":"No route found for /Admin/_runAction/","context":{"context":"Router","part":"getRoute","extra":null},"level":300,"level_name":"WARNING","channel":"s5dd39fa28c47e","datetime":"2019-11-21T10:48:56.819780+01:00","extra":{}}
{"message":"No route found for /Admin/_runAction/frmGetParams/","context":{"context":"Router","part":"getRoute","extra":null},"level":300,"level_name":"WARNING","channel":"s5dd39fa28c47e","datetime":"2019-11-21T10:48:58.547898+01:00","extra":{}}
{"message":"No route found for /MainController/deconnect/Thomas/","context":{"context":"Router","part":"getRoute","extra":null},"level":300,"level_name":"WARNING","channel":"s5dd39fa28c47e","datetime":"2019-11-21T10:48:58.682763+01:00","extra":{}}
{"message":"No route found for /Admin/_runAction/","context":{"context":"Router","part":"getRoute","extra":null},"level":300,"level_name":"WARNING","channel":"s5dd39fa28c47e","datetime":"2019-11-21T10:49:02.275492+01:00","extra":{}}
{"message":"No route found for /Admin/_runAction/frmGetParams/","context":{"context":"Router","part":"getRoute","extra":null},"level":300,"level_name":"WARNING","channel":"s5dd39fa28c47e","datetime":"2019-11-21T10:49:03.607369+01:00","extra":{}}
{"message":"No route found for /MainController/deconnect/Thomas/","context":{"context":"Router","part":"getRoute","extra":null},"level":300,"level_name":"WARNING","channel":"s5dd39fa28c47e","datetime":"2019-11-21T10:49:03.742493+01:00","extra":{}}
{"message":"No route found for /Admin/Controllers/","context":{"context":"Router","part":"getRoute","extra":null},"level":300,"level_name":"WARNING","channel":"s5dd39fa28c47e","datetime":"2019-11-21T10:49:46.327192+01:00","extra":{}}
{"message":"No route found for /Admin/_runAction/","context":{"context":"Router","part":"getRoute","extra":null},"level":300,"level_name":"WARNING","channel":"s5dd39fa28c47e","datetime":"2019-11-21T10:49:52.125143+01:00","extra":{}}
{"message":"No route found for /MainController/index/","context":{"context":"Router","part":"getRoute","extra":null},"level":300,"level_name":"WARNING","channel":"s5dd39fa28c47e","datetime":"2019-11-21T10:49:52.260408+01:00","extra":{}}
{"message":"No route found for /Admin/Controllers/","context":{"context":"Router","part":"getRoute","extra":null},"level":300,"level_name":"WARNING","channel":"s5dd39fa28c47e","datetime":"2019-11-21T10:49:55.074723+01:00","extra":{}}
{"message":"No route found for /Admin/_runAction/","context":{"context":"Router","part":"getRoute","extra":null},"level":300,"level_name":"WARNING","channel":"s5dd39fa28c47e","datetime":"2019-11-21T10:49:57.293586+01:00","extra":{}}
{"message":"No route found for /OrgaController/index/","context":{"context":"Router","part":"getRoute","extra":null},"level":300,"level_name":"WARNING","channel":"s5dd39fa28c47e","datetime":"2019-11-21T10:49:57.427497+01:00","extra":{}}
{"message":"No route found for /Admin/Controllers/","context":{"context":"Router","part":"getRoute","extra":null},"level":300,"level_name":"WARNING","channel":"s5dd39fa28c47e","datetime":"2019-11-21T10:50:14.165411+01:00","extra":{}}
{"message":"No route found for /Admin/_runAction/","context":{"context":"Router","part":"getRoute","extra":null},"level":300,"level_name":"WARNING","channel":"s5dd39fa28c47e","datetime":"2019-11-21T10:50:16.643792+01:00","extra":{}}
{"message":"No route found for /OrgaController/index/","context":{"context":"Router","part":"getRoute","extra":null},"level":300,"level_name":"WARNING","channel":"s5dd39fa28c47e","datetime":"2019-11-21T10:50:16.772263+01:00","extra":{}}
{"message":"No route found for /Admin/_runAction/","context":{"context":"Router","part":"getRoute","extra":null},"level":300,"level_name":"WARNING","channel":"s5dd39fa28c47e","datetime":"2019-11-21T10:50:20.122145+01:00","extra":{}}
{"message":"No route found for /Admin/_runAction/frmGetParams/","context":{"context":"Router","part":"getRoute","extra":null},"level":300,"level_name":"WARNING","channel":"s5dd39fa28c47e","datetime":"2019-11-21T10:50:21.865478+01:00","extra":{}}
{"message":"No route found for /MainController/connect/Thomas/","context":{"context":"Router","part":"getRoute","extra":null},"level":300,"level_name":"WARNING","channel":"s5dd39fa28c47e","datetime":"2019-11-21T10:50:21.999851+01:00","extra":{}}
{"message":"No route found for /Admin/_runAction/","context":{"context":"Router","part":"getRoute","extra":null},"level":300,"level_name":"WARNING","channel":"s5dd39fa28c47e","datetime":"2019-11-21T10:50:24.730404+01:00","extra":{}}
{"message":"No route found for /OrgaController/index/","context":{"context":"Router","part":"getRoute","extra":null},"level":300,"level_name":"WARNING","channel":"s5dd39fa28c47e","datetime":"2019-11-21T10:50:24.861740+01:00","extra":{}}
{"message":"No route found for /Admin/_runAction/","context":{"context":"Router","part":"getRoute","extra":null},"level":300,"level_name":"WARNING","channel":"s5dd39fa28c47e","datetime":"2019-11-21T10:50:28.004083+01:00","extra":{}}
{"message":"No route found for /Admin/_runAction/frmGetParams/","context":{"context":"Router","part":"getRoute","extra":null},"level":300,"level_name":"WARNING","channel":"s5dd39fa28c47e","datetime":"2019-11-21T10:50:30.056378+01:00","extra":{}}
{"message":"No route found for /MainController/deconnect/Thomas/","context":{"context":"Router","part":"getRoute","extra":null},"level":300,"level_name":"WARNING","channel":"s5dd39fa28c47e","datetime":"2019-11-21T10:50:30.190036+01:00","extra":{}}
{"message":"No route found for /Admin/_runAction/","context":{"context":"Router","part":"getRoute","extra":null},"level":300,"level_name":"WARNING","channel":"s5dd39fa28c47e","datetime":"2019-11-21T10:50:32.900145+01:00","extra":{}}
{"message":"No route found for /OrgaController/index/","context":{"context":"Router","part":"getRoute","extra":null},"level":300,"level_name":"WARNING","channel":"s5dd39fa28c47e","datetime":"2019-11-21T10:50:33.032947+01:00","extra":{}}
{"message":"No route found for /Admin/_runAction/","context":{"context":"Router","part":"getRoute","extra":null},"level":300,"level_name":"WARNING","channel":"s5dd39fa28c47e","datetime":"2019-11-21T10:52:16.899429+01:00","extra":{}}
{"message":"No route found for /OrgaController/index/","context":{"context":"Router","part":"getRoute","extra":null},"level":300,"level_name":"WARNING","channel":"s5dd39fa28c47e","datetime":"2019-11-21T10:52:17.031272+01:00","extra":{}}
{"message":"No route found for /Admin/_runAction/","context":{"context":"Router","part":"getRoute","extra":null},"level":300,"level_name":"WARNING","channel":"s5dd39fa28c47e","datetime":"2019-11-21T10:52:30.374892+01:00","extra":{}}
{"message":"No route found for /OrgaController/index/","context":{"context":"Router","part":"getRoute","extra":null},"level":300,"level_name":"WARNING","channel":"s5dd39fa28c47e","datetime":"2019-11-21T10:52:30.522018+01:00","extra":{}}
{"message":"No route found for /Admin/_closeMessage/controllers/","context":{"context":"Router","part":"getRoute","extra":null},"level":300,"level_name":"WARNING","channel":"s5dd39fa28c47e","datetime":"2019-11-21T10:53:09.984210+01:00","extra":{}}
{"message":"No route found for /Admin/_runAction/","context":{"context":"Router","part":"getRoute","extra":null},"level":300,"level_name":"WARNING","channel":"s5dd39fa28c47e","datetime":"2019-11-21T10:55:25.083671+01:00","extra":{}}
{"message":"No route found for /OrgaController/index/","context":{"context":"Router","part":"getRoute","extra":null},"level":300,"level_name":"WARNING","channel":"s5dd39fa28c47e","datetime":"2019-11-21T10:55:25.225584+01:00","extra":{}}
{"message":"No route found for /Admin/routes/","context":{"context":"Router","part":"getRoute","extra":null},"level":300,"level_name":"WARNING","channel":"s5dd39fa28c47e","datetime":"2019-11-21T10:55:36.757649+01:00","extra":{}}
{"message":"No route found for /Admin/initCacheRouter/","context":{"context":"Router","part":"getRoute","extra":null},"level":300,"level_name":"WARNING","channel":"s5dd39fa28c47e","datetime":"2019-11-21T10:55:44.475476+01:00","extra":{}}
{"message":"No route found for /Admin/Controllers/","context":{"context":"Router","part":"getRoute","extra":null},"level":300,"level_name":"WARNING","channel":"s5dd39fa28c47e","datetime":"2019-11-21T10:55:49.193064+01:00","extra":{}}
{"message":"No route found for /Admin/_runAction/","context":{"context":"Router","part":"getRoute","extra":null},"level":300,"level_name":"WARNING","channel":"s5dd39fa28c47e","datetime":"2019-11-21T10:55:51.349827+01:00","extra":{}}
{"message":"No route found for /OrgaController/index/","context":{"context":"Router","part":"getRoute","extra":null},"level":300,"level_name":"WARNING","channel":"s5dd39fa28c47e","datetime":"2019-11-21T10:55:51.481097+01:00","extra":{}}
{"message":"Route found for /orgas/(index/)? : controllers\\OrgaController/index","context":{"context":"Router","part":"getRouteUrlParts","extra":null},"level":200,"level_name":"INFO","channel":"s5dd39fa28c47e","datetime":"2019-11-21T10:56:04.950024+01:00","extra":{}}
{"message":"Route found for /orgas/(index/)? : controllers\\OrgaController/index","context":{"context":"Router","part":"getRouteUrlParts","extra":null},"level":200,"level_name":"INFO","channel":"s5dd39fa28c47e","datetime":"2019-11-21T10:56:05.965233+01:00","extra":{}}
{"message":"Route found for /orgas/(index/)? : controllers\\OrgaController/index","context":{"context":"Router","part":"getRouteUrlParts","extra":null},"level":200,"level_name":"INFO","channel":"s5dd39fa28c47e","datetime":"2019-11-21T10:56:12.108004+01:00","extra":{}}
{"message":"Route found for /orgas/(index/)? : controllers\\OrgaController/index","context":{"context":"Router","part":"getRouteUrlParts","extra":null},"level":200,"level_name":"INFO","channel":"s5dd39fa28c47e","datetime":"2019-11-21T10:56:12.489675+01:00","extra":{}}
{"message":"Route found for /orgas/(index/)? : controllers\\OrgaController/index","context":{"context":"Router","part":"getRouteUrlParts","extra":null},"level":200,"level_name":"INFO","channel":"s5dd39fa28c47e","datetime":"2019-11-21T10:57:10.219672+01:00","extra":{}}
{"message":"Route found for /orgas/(index/)? : controllers\\OrgaController/index","context":{"context":"Router","part":"getRouteUrlParts","extra":null},"level":200,"level_name":"INFO","channel":"s5dd39fa28c47e","datetime":"2019-11-21T10:57:31.972446+01:00","extra":{}}
{"message":"No route found for /Admin/Controllers/","context":{"context":"Router","part":"getRoute","extra":null},"level":300,"level_name":"WARNING","channel":"s5dd39fa28c47e","datetime":"2019-11-21T11:06:39.396287+01:00","extra":{}}
{"message":"No route found for /Admin/frmAddAuthController/","context":{"context":"Router","part":"getRoute","extra":null},"level":300,"level_name":"WARNING","channel":"s5dd39fa28c47e","datetime":"2019-11-21T11:06:43.045690+01:00","extra":{}}
{"message":"No route found for /Admin/_addCtrlRoute/auth/","context":{"context":"Router","part":"getRoute","extra":null},"level":300,"level_name":"WARNING","channel":"s5dd39fa28c47e","datetime":"2019-11-21T11:06:52.292785+01:00","extra":{}}
{"message":"No route found for /Admin/_controllerExists/auth-name/","context":{"context":"Router","part":"getRoute","extra":null},"level":300,"level_name":"WARNING","channel":"s5dd39fa28c47e","datetime":"2019-11-21T11:13:02.879376+01:00","extra":{}}
{"message":"No route found for /Admin/_controllerExists/auth-name/","context":{"context":"Router","part":"getRoute","extra":null},"level":300,"level_name":"WARNING","channel":"s5dd39fa28c47e","datetime":"2019-11-21T11:21:03.643337+01:00","extra":{}}
{"message":"No route found for /Admin/_controllerExists/auth-name/","context":{"context":"Router","part":"getRoute","extra":null},"level":300,"level_name":"WARNING","channel":"s5dd39fa28c47e","datetime":"2019-11-21T11:21:15.833549+01:00","extra":{}}
{"message":"No route found for /Admin/addAuthController/","context":{"context":"Router","part":"getRoute","extra":null},"level":300,"level_name":"WARNING","channel":"s5dd39fa28c47e","datetime":"2019-11-21T11:21:15.953762+01:00","extra":{}}
{"message":"No route found for /Admin/_refreshControllers/refresh/","context":{"context":"Router","part":"getRoute","extra":null},"level":300,"level_name":"WARNING","channel":"s5dd39fa28c47e","datetime":"2019-11-21T11:21:16.479893+01:00","extra":{}}
{"message":"No route found for /Admin/_runAction/","context":{"context":"Router","part":"getRoute","extra":null},"level":300,"level_name":"WARNING","channel":"s5dd39fa28c47e","datetime":"2019-11-21T11:21:21.746165+01:00","extra":{}}
{"message":"No route found for /AuthController/index/","context":{"context":"Router","part":"getRoute","extra":null},"level":300,"level_name":"WARNING","channel":"s5dd39fa28c47e","datetime":"2019-11-21T11:21:21.880789+01:00","extra":{}}
{"message":"Route found for /orgas/(index/)? : controllers\\OrgaController/index","context":{"context":"Router","part":"getRouteUrlParts","extra":null},"level":200,"level_name":"INFO","channel":"s5dd39fa28c47e","datetime":"2019-11-21T11:27:34.932050+01:00","extra":{}}
{"message":"No route found for /Admin/_runAction/","context":{"context":"Router","part":"getRoute","extra":null},"level":300,"level_name":"WARNING","channel":"s5dd39fa28c47e","datetime":"2019-11-21T11:27:42.918028+01:00","extra":{}}
{"message":"No route found for /AuthController/index/","context":{"context":"Router","part":"getRoute","extra":null},"level":300,"level_name":"WARNING","channel":"s5dd39fa28c47e","datetime":"2019-11-21T11:27:43.059060+01:00","extra":{}}
{"message":"No route found for /Admin/_runAction/","context":{"context":"Router","part":"getRoute","extra":null},"level":300,"level_name":"WARNING","channel":"s5dd39fa28c47e","datetime":"2019-11-21T11:27:48.152009+01:00","extra":{}}
{"message":"No route found for /Admin/_runAction/","context":{"context":"Router","part":"getRoute","extra":null},"level":300,"level_name":"WARNING","channel":"s5dd39fa28c47e","datetime":"2019-11-21T11:27:52.656841+01:00","extra":{}}
{"message":"No route found for /MainController/index/","context":{"context":"Router","part":"getRoute","extra":null},"level":300,"level_name":"WARNING","channel":"s5dd39fa28c47e","datetime":"2019-11-21T11:27:52.787778+01:00","extra":{}}
{"message":"No route found for /AuthController/noAccess/MainController.index/","context":{"context":"Router","part":"getRoute","extra":null},"level":300,"level_name":"WARNING","channel":"s5dd39fa28c47e","datetime":"2019-11-21T11:27:52.919400+01:00","extra":{}}
{"message":"No route found for /AuthController/","context":{"context":"Router","part":"getRoute","extra":null},"level":300,"level_name":"WARNING","channel":"s5dd39fa28c47e","datetime":"2019-11-21T11:27:56.379505+01:00","extra":{}}
{"message":"No route found for /AuthController/","context":{"context":"Router","part":"getRoute","extra":null},"level":300,"level_name":"WARNING","channel":"s5dd39fa28c47e","datetime":"2019-11-21T11:54:24.623351+01:00","extra":{}}
{"message":"Route found for /orgas/(index/)? : controllers\\OrgaController/index","context":{"context":"Router","part":"getRouteUrlParts","extra":null},"level":200,"level_name":"INFO","channel":"s5dd39fa28c47e","datetime":"2019-11-21T11:54:28.346621+01:00","extra":{}}
{"message":"Route found for /_default/ : controllers\\IndexController/index","context":{"context":"Router","part":"getRouteUrlParts","extra":null},"level":200,"level_name":"INFO","channel":"s5dd39fa28c47e","datetime":"2019-11-21T11:54:44.625333+01:00","extra":{}}
{"message":"No route found for /Admin/","context":{"context":"Router","part":"getRoute","extra":null},"level":300,"level_name":"WARNING","channel":"s5dd39fa28c47e","datetime":"2019-11-21T11:54:46.989256+01:00","extra":{}}
{"message":"No route found for /Admin/Git/","context":{"context":"Router","part":"getRoute","extra":null},"level":300,"level_name":"WARNING","channel":"s5dd39fa28c47e","datetime":"2019-11-21T11:54:49.889414+01:00","extra":{}}
{"message":"No route found for /Admin/Git/","context":{"context":"Router","part":"getRoute","extra":null},"level":300,"level_name":"WARNING","channel":"s5dd39fa28c47e","datetime":"2019-11-21T11:55:38.498141+01:00","extra":{}}
{"message":"No route found for /Admin/gitInit/","context":{"context":"Router","part":"getRoute","extra":null},"level":300,"level_name":"WARNING","channel":"s5dd39fa28c47e","datetime":"2019-11-21T11:55:41.204193+01:00","extra":{}}
{"message":"No route found for /Admin/frmSettings/","context":{"context":"Router","part":"getRoute","extra":null},"level":300,"level_name":"WARNING","channel":"s5dd39fa28c47e","datetime":"2019-11-21T11:56:23.250517+01:00","extra":{}}
{"message":"No route found for /Admin/updateGitParams/","context":{"context":"Router","part":"getRoute","extra":null},"level":300,"level_name":"WARNING","channel":"s5dd39fa28c47e","datetime":"2019-11-21T11:56:53.669454+01:00","extra":{}}
{"message":"No route found for /Admin/gitIgnoreEdit/","context":{"context":"Router","part":"getRoute","extra":null},"level":300,"level_name":"WARNING","channel":"s5dd39fa28c47e","datetime":"2019-11-21T11:57:08.105686+01:00","extra":{}}
{"message":"No route found for /Admin/commit/","context":{"context":"Router","part":"getRoute","extra":null},"level":300,"level_name":"WARNING","channel":"s5dd39fa28c47e","datetime":"2019-11-21T11:58:07.571533+01:00","extra":{}}
